Using pre-set license
Built from '2020.2/release' branch; Version is '2020.2.1f1 (270dd8c3da1c) revision 2559448'; Using compiler version '192528614'; Build Type 'Release'
OS: 'Windows 10  (10.0.0) 64bit' Language: 'ru' Physical Memory: 4007 MB
BatchMode: 1, IsHumanControllingUs: 0, StartBugReporterOnCrash: 0, Is64bit: 1, IsPro: 0

 COMMAND LINE ARGUMENTS:
C:\Program Files\Unity\Hub\Editor\2020.2.1f1\Editor\Unity.exe
-adb2
-batchMode
-noUpm
-name
AssetImportWorker0
-projectPath
C:/Users/Gaga/Documents/StartupMania
-logFile
Logs/AssetImportWorker0.log
-srvPort
51209
Successfully changed project path to: C:/Users/Gaga/Documents/StartupMania
C:/Users/Gaga/Documents/StartupMania
Using Asset Import Pipeline V2.
Refreshing native plugins compatible for Editor in 193.58 ms, found 0 plugins.
Preloading 0 native plugins for Editor in 0.00 ms.
Initialize engine version: 2020.2.1f1 (270dd8c3da1c)
[Subsystems] Discovering subsystems at path C:/Program Files/Unity/Hub/Editor/2020.2.1f1/Editor/Data/Resources/UnitySubsystems
[Subsystems] Discovering subsystems at path C:/Users/Gaga/Documents/StartupMania/Assets
GfxDevice: creating device client; threaded=0
Direct3D:
    Version:  Direct3D 11.0 [level 11.0]
    Renderer: NVIDIA GeForce GT 540M (ID=0xdf4)
    Vendor:   
    VRAM:     2000 MB
    Driver:   23.21.13.8857
Initialize mono
Mono path[0] = 'C:/Program Files/Unity/Hub/Editor/2020.2.1f1/Editor/Data/Managed'
Mono path[1] = 'C:/Program Files/Unity/Hub/Editor/2020.2.1f1/Editor/Data/MonoBleedingEdge/lib/mono/unityjit'
Mono config path = 'C:/Program Files/Unity/Hub/Editor/2020.2.1f1/Editor/Data/MonoBleedingEdge/etc'
Using monoOptions --debugger-agent=transport=dt_socket,embedding=1,server=y,suspend=n,address=127.0.0.1:56128
Begin MonoManager ReloadAssembly
Registering precompiled unity dll's ...
Registered in 0.008481 seconds.
Refreshing native plugins compatible for Editor in 134.45 ms, found 0 plugins.
Preloading 0 native plugins for Editor in 0.00 ms.
Invoked RoslynAnalysisRunner static constructor.
RoslynAnalysisRunner will not be running.
RoslynAnalysisRunner has terminated.
Mono: successfully reloaded assembly
- Completed reload, in  4.209 seconds
Platform modules already initialized, skipping
Registering precompiled user dll's ...
Registered in 0.045040 seconds.
Begin MonoManager ReloadAssembly
Refreshing native plugins compatible for Editor in 1.58 ms, found 0 plugins.
Preloading 0 native plugins for Editor in 0.00 ms.
Invoked RoslynAnalysisRunner static constructor.
RoslynAnalysisRunner will not be running.
RoslynAnalysisRunner has terminated.
Mono: successfully reloaded assembly
- Completed reload, in  2.243 seconds
Platform modules already initialized, skipping
========================================================================
Worker process is ready to serve import requests
Launched and connected shader compiler UnityShaderCompiler.exe after 0.13 seconds
Refreshing native plugins compatible for Editor in 1.79 ms, found 0 plugins.
Preloading 0 native plugins for Editor in 0.00 ms.
Unloading 2779 Unused Serialized files (Serialized files now loaded: 0)
System memory in use before: 103.6 MB.
System memory in use after: 103.8 MB.

Unloading 55 unused Assets to reduce memory usage. Loaded Objects now: 3201.
Total: 25.073600 ms (FindLiveObjects: 3.446900 ms CreateObjectMapping: 1.339000 ms MarkObjects: 19.372500 ms  DeleteObjects: 0.907900 ms)

========================================================================
Received Import Request.
  path: Assets/Plugins/Newtonsoft.Json.dll
  artifactKey: Guid(1ac3ee7d901b9ad49bce1d9e5e551c8e) Importer(815301076,1909f56bfc062723c751e8b465ee728b)
Start importing Assets/Plugins/Newtonsoft.Json.dll using Guid(1ac3ee7d901b9ad49bce1d9e5e551c8e) Importer(815301076,1909f56bfc062723c751e8b465ee728b)  -> (artifact id: '81db726095178f263f72ba645eea3d65') in 0.224574 seconds
  Import took 0.249713 seconds .

========================================================================
Received Import Request.
  Time since last request: 31.808827 seconds.
  path: Assets/Core/Core.asmdef
  artifactKey: Guid(cd757e197a2fe644e835d7fe5ae47958) Importer(815301076,1909f56bfc062723c751e8b465ee728b)
Start importing Assets/Core/Core.asmdef using Guid(cd757e197a2fe644e835d7fe5ae47958) Importer(815301076,1909f56bfc062723c751e8b465ee728b)  -> (artifact id: 'e4337ba4ad1cea76e7650d8b4a2c2732') in 0.028485 seconds
  Import took 0.043797 seconds .

========================================================================
Received Import Request.
  Time since last request: 0.022124 seconds.
  path: Assets/Core/Core.asmdef
  artifactKey: Guid(cd757e197a2fe644e835d7fe5ae47958) Importer(815301076,1909f56bfc062723c751e8b465ee728b)
Start importing Assets/Core/Core.asmdef using Guid(cd757e197a2fe644e835d7fe5ae47958) Importer(815301076,1909f56bfc062723c751e8b465ee728b)  -> (artifact id: 'e4337ba4ad1cea76e7650d8b4a2c2732') in 0.005186 seconds
  Import took 0.016126 seconds .

========================================================================
Received Import Request.
  Time since last request: 7.534827 seconds.
  path: Assets/Core/Utils
  artifactKey: Guid(223844e257dea0d4bb8a826aa50d4fd1) Importer(815301076,1909f56bfc062723c751e8b465ee728b)
Start importing Assets/Core/Utils using Guid(223844e257dea0d4bb8a826aa50d4fd1) Importer(815301076,1909f56bfc062723c751e8b465ee728b)  -> (artifact id: '4646320c3093de79cc6b4e3d916f4807') in 0.020207 seconds
  Import took 0.032306 seconds .

========================================================================
Received Import Request.
  Time since last request: 16.164194 seconds.
  path: Assets/Prefabs/Unique
  artifactKey: Guid(7e419798aff8dbe47b4746db21f24e22) Importer(815301076,1909f56bfc062723c751e8b465ee728b)
Start importing Assets/Prefabs/Unique using Guid(7e419798aff8dbe47b4746db21f24e22) Importer(815301076,1909f56bfc062723c751e8b465ee728b)  -> (artifact id: '6a59668dd70078ac39d2775a0c894062') in 0.019229 seconds
  Import took 0.035016 seconds .

========================================================================
Received Import Request.
  Time since last request: 0.005510 seconds.
  path: Assets/Prefabs/Unique
  artifactKey: Guid(7e419798aff8dbe47b4746db21f24e22) Importer(815301076,1909f56bfc062723c751e8b465ee728b)
Start importing Assets/Prefabs/Unique using Guid(7e419798aff8dbe47b4746db21f24e22) Importer(815301076,1909f56bfc062723c751e8b465ee728b)  -> (artifact id: '6a59668dd70078ac39d2775a0c894062') in 0.004961 seconds
  Import took 0.016290 seconds .

========================================================================
Received Import Request.
  Time since last request: 4.580200 seconds.
  path: Assets/Prefabs/Shareholders
  artifactKey: Guid(acc2bd49a0f3e1148aee0a150c4c29a6) Importer(815301076,1909f56bfc062723c751e8b465ee728b)
Start importing Assets/Prefabs/Shareholders using Guid(acc2bd49a0f3e1148aee0a150c4c29a6) Importer(815301076,1909f56bfc062723c751e8b465ee728b)  -> (artifact id: '03f8aef96e269a7f8898efbd6a655adf') in 0.018184 seconds
  Import took 0.033515 seconds .

========================================================================
Received Import Request.
  Time since last request: 2.106835 seconds.
  path: Assets/Prefabs/Other
  artifactKey: Guid(4ae1fc55e623a434cb16bb3940b2e6c0) Importer(815301076,1909f56bfc062723c751e8b465ee728b)
Start importing Assets/Prefabs/Other using Guid(4ae1fc55e623a434cb16bb3940b2e6c0) Importer(815301076,1909f56bfc062723c751e8b465ee728b)  -> (artifact id: '63e236cbf0b833ecb64e13429a4a1ea9') in 0.017659 seconds
  Import took 0.026572 seconds .

========================================================================
Received Import Request.
  Time since last request: 3.143191 seconds.
  path: Assets/Prefabs/ModalWindows
  artifactKey: Guid(b6aa94bd74b055a40a9e1c3e26992525) Importer(815301076,1909f56bfc062723c751e8b465ee728b)
Start importing Assets/Prefabs/ModalWindows using Guid(b6aa94bd74b055a40a9e1c3e26992525) Importer(815301076,1909f56bfc062723c751e8b465ee728b)  -> (artifact id: '6518e91fc853cace1c34fc1b37aa89ac') in 0.016654 seconds
  Import took 0.027934 seconds .

========================================================================
Received Import Request.
  Time since last request: 3.027652 seconds.
  path: Assets/Prefabs/Marketing
  artifactKey: Guid(147f1a86517aad84aae1743c67966653) Importer(815301076,1909f56bfc062723c751e8b465ee728b)
Start importing Assets/Prefabs/Marketing using Guid(147f1a86517aad84aae1743c67966653) Importer(815301076,1909f56bfc062723c751e8b465ee728b)  -> (artifact id: '3f6e5e89cc47d6c9f1b1341146cf9135') in 0.014778 seconds
  Import took 0.025688 seconds .

========================================================================
Received Import Request.
  Time since last request: 3.128645 seconds.
  path: Assets/Prefabs/Main screen
  artifactKey: Guid(4c4240021f4ef5e40aedf53a139e5e13) Importer(815301076,1909f56bfc062723c751e8b465ee728b)
Start importing Assets/Prefabs/Main screen using Guid(4c4240021f4ef5e40aedf53a139e5e13) Importer(815301076,1909f56bfc062723c751e8b465ee728b)  -> (artifact id: '7b29dd3ece4972da8d1d72cce68719a0') in 0.014590 seconds
  Import took 0.025057 seconds .

========================================================================
Received Import Request.
  Time since last request: 7.320129 seconds.
  path: Assets/Prefabs/Economy
  artifactKey: Guid(b1433946732831843ab847f1e67972b0) Importer(815301076,1909f56bfc062723c751e8b465ee728b)
Start importing Assets/Prefabs/Economy using Guid(b1433946732831843ab847f1e67972b0) Importer(815301076,1909f56bfc062723c751e8b465ee728b)  -> (artifact id: 'beeae6869d343d13599d03f7d33eacf3') in 0.016718 seconds
  Import took 0.032285 seconds .

========================================================================
Received Import Request.
  Time since last request: 2.972394 seconds.
  path: Assets/Prefabs/Animations
  artifactKey: Guid(7fe8c90af326bd9459d200196d53b4e0) Importer(815301076,1909f56bfc062723c751e8b465ee728b)
Start importing Assets/Prefabs/Animations using Guid(7fe8c90af326bd9459d200196d53b4e0) Importer(815301076,1909f56bfc062723c751e8b465ee728b)  -> (artifact id: '23e39add3fd4efedcde85b08c15bb3e2') in 0.018154 seconds
  Import took 0.031666 seconds .

========================================================================
Received Prepare
Registering precompiled user dll's ...
Registered in 0.027249 seconds.
Begin MonoManager ReloadAssembly
Refreshing native plugins compatible for Editor in 2.56 ms, found 0 plugins.
Preloading 0 native plugins for Editor in 0.00 ms.
Invoked RoslynAnalysisRunner static constructor.
RoslynAnalysisRunner will not be running.
RoslynAnalysisRunner has terminated.
Mono: successfully reloaded assembly
- Completed reload, in  2.595 seconds
Platform modules already initialized, skipping
Refreshing native plugins compatible for Editor in 1.31 ms, found 0 plugins.
Preloading 0 native plugins for Editor in 0.00 ms.
Unloading 2760 Unused Serialized files (Serialized files now loaded: 0)
System memory in use before: 102.7 MB.
System memory in use after: 102.9 MB.

Unloading 46 unused Assets to reduce memory usage. Loaded Objects now: 3203.
Total: 3.439900 ms (FindLiveObjects: 0.586300 ms CreateObjectMapping: 0.204300 ms MarkObjects: 2.595700 ms  DeleteObjects: 0.051500 ms)

