Using pre-set license
Built from '2020.2/release' branch; Version is '2020.2.1f1 (270dd8c3da1c) revision 2559448'; Using compiler version '192528614'; Build Type 'Release'
OS: 'Windows 10  (10.0.0) 64bit' Language: 'ru' Physical Memory: 4007 MB
BatchMode: 1, IsHumanControllingUs: 0, StartBugReporterOnCrash: 0, Is64bit: 1, IsPro: 0

 COMMAND LINE ARGUMENTS:
C:\Program Files\Unity\Hub\Editor\2020.2.1f1\Editor\Unity.exe
-adb2
-batchMode
-noUpm
-name
AssetImportWorker0
-projectPath
C:/Users/Gaga/Documents/StartupMania
-logFile
Logs/AssetImportWorker0.log
-srvPort
49790
Successfully changed project path to: C:/Users/Gaga/Documents/StartupMania
C:/Users/Gaga/Documents/StartupMania
Using Asset Import Pipeline V2.
Refreshing native plugins compatible for Editor in 104.28 ms, found 0 plugins.
Preloading 0 native plugins for Editor in 0.00 ms.
Initialize engine version: 2020.2.1f1 (270dd8c3da1c)
[Subsystems] Discovering subsystems at path C:/Program Files/Unity/Hub/Editor/2020.2.1f1/Editor/Data/Resources/UnitySubsystems
[Subsystems] Discovering subsystems at path C:/Users/Gaga/Documents/StartupMania/Assets
GfxDevice: creating device client; threaded=0
Direct3D:
    Version:  Direct3D 11.0 [level 11.0]
    Renderer: NVIDIA GeForce GT 540M (ID=0xdf4)
    Vendor:   
    VRAM:     2000 MB
    Driver:   23.21.13.8857
Initialize mono
Mono path[0] = 'C:/Program Files/Unity/Hub/Editor/2020.2.1f1/Editor/Data/Managed'
Mono path[1] = 'C:/Program Files/Unity/Hub/Editor/2020.2.1f1/Editor/Data/MonoBleedingEdge/lib/mono/unityjit'
Mono config path = 'C:/Program Files/Unity/Hub/Editor/2020.2.1f1/Editor/Data/MonoBleedingEdge/etc'
Using monoOptions --debugger-agent=transport=dt_socket,embedding=1,server=y,suspend=n,address=127.0.0.1:56356
Begin MonoManager ReloadAssembly
Registering precompiled unity dll's ...
Registered in 0.005224 seconds.
Refreshing native plugins compatible for Editor in 80.18 ms, found 0 plugins.
Preloading 0 native plugins for Editor in 0.00 ms.
Invoked RoslynAnalysisRunner static constructor.
RoslynAnalysisRunner will not be running.
RoslynAnalysisRunner has terminated.
Mono: successfully reloaded assembly
- Completed reload, in  2.952 seconds
Platform modules already initialized, skipping
Registering precompiled user dll's ...
Registered in 0.036109 seconds.
Begin MonoManager ReloadAssembly
Refreshing native plugins compatible for Editor in 1.03 ms, found 0 plugins.
Preloading 0 native plugins for Editor in 0.00 ms.
Invoked RoslynAnalysisRunner static constructor.
RoslynAnalysisRunner will not be running.
RoslynAnalysisRunner has terminated.
Mono: successfully reloaded assembly
- Completed reload, in  1.651 seconds
Platform modules already initialized, skipping
========================================================================
Worker process is ready to serve import requests
Launched and connected shader compiler UnityShaderCompiler.exe after 0.10 seconds
Refreshing native plugins compatible for Editor in 0.93 ms, found 0 plugins.
Preloading 0 native plugins for Editor in 0.00 ms.
Unloading 2480 Unused Serialized files (Serialized files now loaded: 0)
System memory in use before: 96.0 MB.
System memory in use after: 96.2 MB.

Unloading 39 unused Assets to reduce memory usage. Loaded Objects now: 2918.
Total: 2.977400 ms (FindLiveObjects: 0.345900 ms CreateObjectMapping: 0.162000 ms MarkObjects: 2.350600 ms  DeleteObjects: 0.116700 ms)

========================================================================
Received Import Request.
  path: Assets/UI Framework/Basic Prefabs
  artifactKey: Guid(c111cb0d70467da439a639c53f7667be) Importer(815301076,1909f56bfc062723c751e8b465ee728b)
Start importing Assets/UI Framework/Basic Prefabs using Guid(c111cb0d70467da439a639c53f7667be) Importer(815301076,1909f56bfc062723c751e8b465ee728b)  -> (artifact id: 'd3f323c23eb50244dff735de3cb4c03c') in 0.022362 seconds
  Import took 0.032405 seconds .

========================================================================
Received Prepare
Registering precompiled user dll's ...
Registered in 0.025003 seconds.
Begin MonoManager ReloadAssembly
Refreshing native plugins compatible for Editor in 1.05 ms, found 0 plugins.
Preloading 0 native plugins for Editor in 0.00 ms.
Invoked RoslynAnalysisRunner static constructor.
RoslynAnalysisRunner will not be running.
RoslynAnalysisRunner has terminated.
Mono: successfully reloaded assembly
- Completed reload, in  1.907 seconds
Platform modules already initialized, skipping
Refreshing native plugins compatible for Editor in 1.10 ms, found 0 plugins.
Preloading 0 native plugins for Editor in 0.00 ms.
Unloading 2461 Unused Serialized files (Serialized files now loaded: 0)
System memory in use before: 95.0 MB.
System memory in use after: 95.2 MB.

Unloading 30 unused Assets to reduce memory usage. Loaded Objects now: 2920.
Total: 2.983500 ms (FindLiveObjects: 0.431900 ms CreateObjectMapping: 0.169000 ms MarkObjects: 2.340200 ms  DeleteObjects: 0.040200 ms)

========================================================================
Received Prepare
Registering precompiled user dll's ...
Registered in 0.019260 seconds.
Begin MonoManager ReloadAssembly
Refreshing native plugins compatible for Editor in 1.04 ms, found 0 plugins.
Preloading 0 native plugins for Editor in 0.00 ms.
Invoked RoslynAnalysisRunner static constructor.
RoslynAnalysisRunner will not be running.
RoslynAnalysisRunner has terminated.
Mono: successfully reloaded assembly
- Completed reload, in  1.693 seconds
Platform modules already initialized, skipping
Refreshing native plugins compatible for Editor in 1.02 ms, found 0 plugins.
Preloading 0 native plugins for Editor in 0.00 ms.
Unloading 2461 Unused Serialized files (Serialized files now loaded: 0)
System memory in use before: 93.9 MB.
System memory in use after: 94.1 MB.

Unloading 30 unused Assets to reduce memory usage. Loaded Objects now: 2922.
Total: 3.386000 ms (FindLiveObjects: 0.362900 ms CreateObjectMapping: 0.149500 ms MarkObjects: 2.830600 ms  DeleteObjects: 0.040600 ms)

========================================================================
Received Import Request.
  Time since last request: 262.807671 seconds.
  path: Assets/Core/Data/Data.asmdef
  artifactKey: Guid(4b022cbccd7ce9e4aa78fb0682929408) Importer(815301076,1909f56bfc062723c751e8b465ee728b)
Start importing Assets/Core/Data/Data.asmdef using Guid(4b022cbccd7ce9e4aa78fb0682929408) Importer(815301076,1909f56bfc062723c751e8b465ee728b)  -> (artifact id: '55515f81ca1716bba4fd07904a8f747a') in 0.075450 seconds
  Import took 0.085112 seconds .

========================================================================
Received Prepare
Registering precompiled user dll's ...
Registered in 0.028732 seconds.
Begin MonoManager ReloadAssembly
Refreshing native plugins compatible for Editor in 0.97 ms, found 0 plugins.
Preloading 0 native plugins for Editor in 0.00 ms.
Invoked RoslynAnalysisRunner static constructor.
RoslynAnalysisRunner will not be running.
RoslynAnalysisRunner has terminated.
Mono: successfully reloaded assembly
- Completed reload, in  1.589 seconds
Platform modules already initialized, skipping
Refreshing native plugins compatible for Editor in 1.09 ms, found 0 plugins.
Preloading 0 native plugins for Editor in 0.00 ms.
Unloading 2461 Unused Serialized files (Serialized files now loaded: 0)
System memory in use before: 94.2 MB.
System memory in use after: 94.4 MB.

Unloading 30 unused Assets to reduce memory usage. Loaded Objects now: 2924.
Total: 3.077100 ms (FindLiveObjects: 0.369100 ms CreateObjectMapping: 0.133900 ms MarkObjects: 2.533200 ms  DeleteObjects: 0.038800 ms)

========================================================================
Received Prepare
Registering precompiled user dll's ...
Registered in 0.019364 seconds.
Begin MonoManager ReloadAssembly
Refreshing native plugins compatible for Editor in 0.97 ms, found 0 plugins.
Preloading 0 native plugins for Editor in 0.00 ms.
Invoked RoslynAnalysisRunner static constructor.
RoslynAnalysisRunner will not be running.
RoslynAnalysisRunner has terminated.
Mono: successfully reloaded assembly
- Completed reload, in  1.536 seconds
Platform modules already initialized, skipping
Refreshing native plugins compatible for Editor in 0.99 ms, found 0 plugins.
Preloading 0 native plugins for Editor in 0.00 ms.
Unloading 2461 Unused Serialized files (Serialized files now loaded: 0)
System memory in use before: 94.2 MB.
System memory in use after: 94.4 MB.

Unloading 30 unused Assets to reduce memory usage. Loaded Objects now: 2926.
Total: 2.447800 ms (FindLiveObjects: 0.289700 ms CreateObjectMapping: 0.136800 ms MarkObjects: 1.988300 ms  DeleteObjects: 0.031400 ms)

========================================================================
Received Import Request.
  Time since last request: 103.165844 seconds.
  path: Assets/Standard Assets/UI Framework/JumpingAnimation.cs
  artifactKey: Guid(287e2b1e062045b7865a74b460870f53) Importer(815301076,1909f56bfc062723c751e8b465ee728b)
Start importing Assets/Standard Assets/UI Framework/JumpingAnimation.cs using Guid(287e2b1e062045b7865a74b460870f53) Importer(815301076,1909f56bfc062723c751e8b465ee728b)  -> (artifact id: 'ea181b06be51884c5c7ead7c9da9904c') in 0.030291 seconds
  Import took 0.038039 seconds .

========================================================================
Received Prepare
Registering precompiled user dll's ...
Registered in 0.019316 seconds.
Begin MonoManager ReloadAssembly
Refreshing native plugins compatible for Editor in 0.92 ms, found 0 plugins.
Preloading 0 native plugins for Editor in 0.00 ms.
Invoked RoslynAnalysisRunner static constructor.
RoslynAnalysisRunner will not be running.
RoslynAnalysisRunner has terminated.
Mono: successfully reloaded assembly
- Completed reload, in  1.547 seconds
Platform modules already initialized, skipping
Refreshing native plugins compatible for Editor in 1.01 ms, found 0 plugins.
Preloading 0 native plugins for Editor in 0.00 ms.
Unloading 2461 Unused Serialized files (Serialized files now loaded: 0)
System memory in use before: 94.7 MB.
System memory in use after: 94.9 MB.

Unloading 30 unused Assets to reduce memory usage. Loaded Objects now: 2928.
Total: 2.777200 ms (FindLiveObjects: 0.377300 ms CreateObjectMapping: 0.154300 ms MarkObjects: 2.204500 ms  DeleteObjects: 0.039500 ms)

========================================================================
Received Prepare
Registering precompiled user dll's ...
Registered in 0.021965 seconds.
Begin MonoManager ReloadAssembly
Refreshing native plugins compatible for Editor in 1.19 ms, found 0 plugins.
Preloading 0 native plugins for Editor in 0.00 ms.
Invoked RoslynAnalysisRunner static constructor.
RoslynAnalysisRunner will not be running.
RoslynAnalysisRunner has terminated.
Mono: successfully reloaded assembly
- Completed reload, in  1.735 seconds
Platform modules already initialized, skipping
Refreshing native plugins compatible for Editor in 1.00 ms, found 0 plugins.
Preloading 0 native plugins for Editor in 0.00 ms.
Unloading 2461 Unused Serialized files (Serialized files now loaded: 0)
System memory in use before: 94.9 MB.
System memory in use after: 95.1 MB.

Unloading 30 unused Assets to reduce memory usage. Loaded Objects now: 2930.
Total: 3.246300 ms (FindLiveObjects: 0.540000 ms CreateObjectMapping: 0.200200 ms MarkObjects: 2.454700 ms  DeleteObjects: 0.048700 ms)

========================================================================
Received Prepare
Registering precompiled user dll's ...
Registered in 0.019150 seconds.
Begin MonoManager ReloadAssembly
Refreshing native plugins compatible for Editor in 0.93 ms, found 0 plugins.
Preloading 0 native plugins for Editor in 0.00 ms.
Invoked RoslynAnalysisRunner static constructor.
RoslynAnalysisRunner will not be running.
RoslynAnalysisRunner has terminated.
Mono: successfully reloaded assembly
- Completed reload, in  1.703 seconds
Platform modules already initialized, skipping
Refreshing native plugins compatible for Editor in 1.04 ms, found 0 plugins.
Preloading 0 native plugins for Editor in 0.00 ms.
Unloading 2461 Unused Serialized files (Serialized files now loaded: 0)
System memory in use before: 95.2 MB.
System memory in use after: 95.4 MB.

Unloading 30 unused Assets to reduce memory usage. Loaded Objects now: 2932.
Total: 13.121800 ms (FindLiveObjects: 0.316500 ms CreateObjectMapping: 0.133500 ms MarkObjects: 12.313400 ms  DeleteObjects: 0.355600 ms)

========================================================================
Received Prepare
Registering precompiled user dll's ...
Registered in 0.023958 seconds.
Begin MonoManager ReloadAssembly
Refreshing native plugins compatible for Editor in 1.10 ms, found 0 plugins.
Preloading 0 native plugins for Editor in 0.00 ms.
Invoked RoslynAnalysisRunner static constructor.
RoslynAnalysisRunner will not be running.
RoslynAnalysisRunner has terminated.
Mono: successfully reloaded assembly
- Completed reload, in  1.999 seconds
Platform modules already initialized, skipping
Refreshing native plugins compatible for Editor in 1.08 ms, found 0 plugins.
Preloading 0 native plugins for Editor in 0.00 ms.
Unloading 2461 Unused Serialized files (Serialized files now loaded: 0)
System memory in use before: 95.2 MB.
System memory in use after: 95.5 MB.

Unloading 30 unused Assets to reduce memory usage. Loaded Objects now: 2934.
Total: 12.346300 ms (FindLiveObjects: 0.496800 ms CreateObjectMapping: 0.213200 ms MarkObjects: 11.163200 ms  DeleteObjects: 0.470900 ms)

========================================================================
Received Import Request.
  Time since last request: 648.942308 seconds.
  path: Assets/Standard Assets/SimpleUI/Editor
  artifactKey: Guid(239eb18a4a92a974b972754be45512fd) Importer(815301076,1909f56bfc062723c751e8b465ee728b)
Start importing Assets/Standard Assets/SimpleUI/Editor using Guid(239eb18a4a92a974b972754be45512fd) Importer(815301076,1909f56bfc062723c751e8b465ee728b)  -> (artifact id: '353b33ced6604e8427cbda9cb1f7ae1c') in 0.026958 seconds
  Import took 0.038703 seconds .

========================================================================
Received Import Request.
  Time since last request: 49.460962 seconds.
  path: Assets/Standard Assets/SimpleUI/SimpleUIEventHandler.cs
  artifactKey: Guid(98354ce49d458ea4aa6d89658d5141ca) Importer(815301076,1909f56bfc062723c751e8b465ee728b)
Start importing Assets/Standard Assets/SimpleUI/SimpleUIEventHandler.cs using Guid(98354ce49d458ea4aa6d89658d5141ca) Importer(815301076,1909f56bfc062723c751e8b465ee728b)  -> (artifact id: '34ffa00b057f50f5bba9ebbb92a0838f') in 0.021532 seconds
  Import took 0.028707 seconds .

========================================================================
Received Import Request.
  Time since last request: 3.604410 seconds.
  path: Assets/Standard Assets/SimpleUI/SimpleUI.cs
  artifactKey: Guid(d25a3027bf0386545bea7bee96d91e56) Importer(815301076,1909f56bfc062723c751e8b465ee728b)
Start importing Assets/Standard Assets/SimpleUI/SimpleUI.cs using Guid(d25a3027bf0386545bea7bee96d91e56) Importer(815301076,1909f56bfc062723c751e8b465ee728b)  -> (artifact id: '003ec4f4dc024483d9ada5f91b3da958') in 0.011783 seconds
  Import took 0.019578 seconds .

========================================================================
Received Import Request.
  Time since last request: 0.001277 seconds.
  path: Assets/Standard Assets/SimpleUI/SimpleUI.cs
  artifactKey: Guid(d25a3027bf0386545bea7bee96d91e56) Importer(815301076,1909f56bfc062723c751e8b465ee728b)
Start importing Assets/Standard Assets/SimpleUI/SimpleUI.cs using Guid(d25a3027bf0386545bea7bee96d91e56) Importer(815301076,1909f56bfc062723c751e8b465ee728b)  -> (artifact id: '003ec4f4dc024483d9ada5f91b3da958') in 0.005611 seconds
  Import took 0.012412 seconds .

========================================================================
Received Import Request.
  Time since last request: 59.941950 seconds.
  path: Assets/Standard Assets/SimpleUI/Editor/DisplayConnectedUrlsEditor.cs
  artifactKey: Guid(86cbe3ce42c11f84a88329aa3cd09948) Importer(815301076,1909f56bfc062723c751e8b465ee728b)
Start importing Assets/Standard Assets/SimpleUI/Editor/DisplayConnectedUrlsEditor.cs using Guid(86cbe3ce42c11f84a88329aa3cd09948) Importer(815301076,1909f56bfc062723c751e8b465ee728b)  -> (artifact id: '7fb13466f8a1c78ba81c1c860d037a34') in 0.046889 seconds
  Import took 0.062565 seconds .

========================================================================
Received Import Request.
  Time since last request: 0.001093 seconds.
  path: Assets/Standard Assets/SimpleUI/Editor/DisplayConnectedUrlsEditor.cs
  artifactKey: Guid(86cbe3ce42c11f84a88329aa3cd09948) Importer(815301076,1909f56bfc062723c751e8b465ee728b)
Start importing Assets/Standard Assets/SimpleUI/Editor/DisplayConnectedUrlsEditor.cs using Guid(86cbe3ce42c11f84a88329aa3cd09948) Importer(815301076,1909f56bfc062723c751e8b465ee728b)  -> (artifact id: '7fb13466f8a1c78ba81c1c860d037a34') in 0.006361 seconds
  Import took 0.014990 seconds .

========================================================================
Received Prepare
Registering precompiled user dll's ...
Registered in 0.019054 seconds.
Begin MonoManager ReloadAssembly
Refreshing native plugins compatible for Editor in 1.14 ms, found 0 plugins.
Preloading 0 native plugins for Editor in 0.00 ms.
Invoked RoslynAnalysisRunner static constructor.
RoslynAnalysisRunner will not be running.
RoslynAnalysisRunner has terminated.
Mono: successfully reloaded assembly
- Completed reload, in  1.702 seconds
Platform modules already initialized, skipping
Refreshing native plugins compatible for Editor in 1.05 ms, found 0 plugins.
Preloading 0 native plugins for Editor in 0.00 ms.
Unloading 2462 Unused Serialized files (Serialized files now loaded: 0)
System memory in use before: 94.7 MB.
System memory in use after: 94.9 MB.

Unloading 30 unused Assets to reduce memory usage. Loaded Objects now: 2937.
Total: 2.577200 ms (FindLiveObjects: 0.319700 ms CreateObjectMapping: 0.143200 ms MarkObjects: 2.076300 ms  DeleteObjects: 0.036600 ms)

========================================================================
Received Import Request.
  Time since last request: 76.952511 seconds.
  path: Assets/Standard Assets/SimpleUI/Editor/DisplayConnectedUrlsEditor.cs
  artifactKey: Guid(86cbe3ce42c11f84a88329aa3cd09948) Importer(815301076,1909f56bfc062723c751e8b465ee728b)
Start importing Assets/Standard Assets/SimpleUI/Editor/DisplayConnectedUrlsEditor.cs using Guid(86cbe3ce42c11f84a88329aa3cd09948) Importer(815301076,1909f56bfc062723c751e8b465ee728b)  -> (artifact id: 'd482d98bb6f8db80db7fd67838ffd6ec') in 0.009660 seconds
  Import took 0.016895 seconds .

========================================================================
Received Import Request.
  Time since last request: 34.055560 seconds.
  path: Assets/Standard Assets/SimpleUI/DisplayConnectedUrls.cs
  artifactKey: Guid(be2d292bce09896479dd36e6ba20f7f1) Importer(815301076,1909f56bfc062723c751e8b465ee728b)
Start importing Assets/Standard Assets/SimpleUI/DisplayConnectedUrls.cs using Guid(be2d292bce09896479dd36e6ba20f7f1) Importer(815301076,1909f56bfc062723c751e8b465ee728b)  -> (artifact id: 'f2937dc2cb2f5c7d46cdbfe640005ce7') in 0.013162 seconds
  Import took 0.020911 seconds .

========================================================================
Received Prepare
Registering precompiled user dll's ...
Registered in 0.019506 seconds.
Begin MonoManager ReloadAssembly
Refreshing native plugins compatible for Editor in 1.41 ms, found 0 plugins.
Preloading 0 native plugins for Editor in 0.00 ms.
Invoked RoslynAnalysisRunner static constructor.
RoslynAnalysisRunner will not be running.
RoslynAnalysisRunner has terminated.
Mono: successfully reloaded assembly
- Completed reload, in  2.086 seconds
Platform modules already initialized, skipping
Refreshing native plugins compatible for Editor in 1.15 ms, found 0 plugins.
Preloading 0 native plugins for Editor in 0.00 ms.
Unloading 2461 Unused Serialized files (Serialized files now loaded: 0)
System memory in use before: 94.9 MB.
System memory in use after: 95.2 MB.

Unloading 30 unused Assets to reduce memory usage. Loaded Objects now: 2939.
Total: 3.320300 ms (FindLiveObjects: 0.541100 ms CreateObjectMapping: 0.171300 ms MarkObjects: 2.550400 ms  DeleteObjects: 0.055000 ms)

========================================================================
Received Import Request.
  Time since last request: 16.160216 seconds.
  path: Assets/Standard Assets/SimpleUI/OpenUrl.cs
  artifactKey: Guid(08e2dde4d4610b64d8d6d20872b18724) Importer(815301076,1909f56bfc062723c751e8b465ee728b)
Start importing Assets/Standard Assets/SimpleUI/OpenUrl.cs using Guid(08e2dde4d4610b64d8d6d20872b18724) Importer(815301076,1909f56bfc062723c751e8b465ee728b)  -> (artifact id: 'a9cb862619817bde8a446631f5a7ddba') in 0.018853 seconds
  Import took 0.026083 seconds .

========================================================================
Received Import Request.
  Time since last request: 0.047030 seconds.
  path: Assets/Standard Assets/SimpleUI/OpenUrl.cs
  artifactKey: Guid(08e2dde4d4610b64d8d6d20872b18724) Importer(815301076,1909f56bfc062723c751e8b465ee728b)
Start importing Assets/Standard Assets/SimpleUI/OpenUrl.cs using Guid(08e2dde4d4610b64d8d6d20872b18724) Importer(815301076,1909f56bfc062723c751e8b465ee728b)  -> (artifact id: 'a9cb862619817bde8a446631f5a7ddba') in 0.005502 seconds
  Import took 0.012699 seconds .

========================================================================
Received Import Request.
  Time since last request: 19.991055 seconds.
  path: Assets/Standard Assets/SimpleUI/OpenUrl1.cs
  artifactKey: Guid(ab80569c5b479ac40b3ad289f427dcb1) Importer(815301076,1909f56bfc062723c751e8b465ee728b)
Start importing Assets/Standard Assets/SimpleUI/OpenUrl1.cs using Guid(ab80569c5b479ac40b3ad289f427dcb1) Importer(815301076,1909f56bfc062723c751e8b465ee728b)  -> (artifact id: '1e1847a70f3bc5cf6d8658e4026e6a35') in 0.019304 seconds
  Import took 0.030274 seconds .

========================================================================
Received Import Request.
  Time since last request: 0.002540 seconds.
  path: Assets/Standard Assets/SimpleUI/OpenUrl1.cs
  artifactKey: Guid(ab80569c5b479ac40b3ad289f427dcb1) Importer(815301076,1909f56bfc062723c751e8b465ee728b)
Start importing Assets/Standard Assets/SimpleUI/OpenUrl1.cs using Guid(ab80569c5b479ac40b3ad289f427dcb1) Importer(815301076,1909f56bfc062723c751e8b465ee728b)  -> (artifact id: '1e1847a70f3bc5cf6d8658e4026e6a35') in 0.012915 seconds
  Import took 0.023373 seconds .

========================================================================
Received Import Request.
  Time since last request: 7.568876 seconds.
  path: Assets/Standard Assets/SimpleUI/OpenUrlEditor.cs
  artifactKey: Guid(ab80569c5b479ac40b3ad289f427dcb1) Importer(815301076,1909f56bfc062723c751e8b465ee728b)
Start importing Assets/Standard Assets/SimpleUI/OpenUrlEditor.cs using Guid(ab80569c5b479ac40b3ad289f427dcb1) Importer(815301076,1909f56bfc062723c751e8b465ee728b)  -> (artifact id: '9d76ae80b320bb67f31c3d6ac46a58fb') in 0.026373 seconds
  Import took 0.122816 seconds .

========================================================================
Received Import Request.
  Time since last request: 20.359181 seconds.
  path: Assets/Standard Assets/SimpleUI/OpenUrl.cs
  artifactKey: Guid(08e2dde4d4610b64d8d6d20872b18724) Importer(815301076,1909f56bfc062723c751e8b465ee728b)
Start importing Assets/Standard Assets/SimpleUI/OpenUrl.cs using Guid(08e2dde4d4610b64d8d6d20872b18724) Importer(815301076,1909f56bfc062723c751e8b465ee728b)  -> (artifact id: '59be1d2ece0ccf69beb2b7aa4f8c61e2') in 0.007039 seconds
  Import took 0.016704 seconds .

========================================================================
Received Prepare
Registering precompiled user dll's ...
Registered in 0.019649 seconds.
Begin MonoManager ReloadAssembly
Refreshing native plugins compatible for Editor in 1.09 ms, found 0 plugins.
Preloading 0 native plugins for Editor in 0.00 ms.
Invoked RoslynAnalysisRunner static constructor.
RoslynAnalysisRunner will not be running.
RoslynAnalysisRunner has terminated.
Mono: successfully reloaded assembly
- Completed reload, in  1.746 seconds
Platform modules already initialized, skipping
Refreshing native plugins compatible for Editor in 1.00 ms, found 0 plugins.
Preloading 0 native plugins for Editor in 0.00 ms.
Unloading 2462 Unused Serialized files (Serialized files now loaded: 0)
System memory in use before: 95.2 MB.
System memory in use after: 95.4 MB.

Unloading 30 unused Assets to reduce memory usage. Loaded Objects now: 2942.
Total: 2.725100 ms (FindLiveObjects: 0.313300 ms CreateObjectMapping: 0.141300 ms MarkObjects: 2.226700 ms  DeleteObjects: 0.040600 ms)

========================================================================
Received Import Request.
  Time since last request: 29.050891 seconds.
  path: Assets/Standard Assets/SimpleUI/Editor/OpenUrlEditor.cs
  artifactKey: Guid(ab80569c5b479ac40b3ad289f427dcb1) Importer(815301076,1909f56bfc062723c751e8b465ee728b)
Start importing Assets/Standard Assets/SimpleUI/Editor/OpenUrlEditor.cs using Guid(ab80569c5b479ac40b3ad289f427dcb1) Importer(815301076,1909f56bfc062723c751e8b465ee728b)  -> (artifact id: 'bd5ea71ffea2d39b4c812865bfd70b03') in 0.009176 seconds
  Import took 0.017734 seconds .

========================================================================
Received Import Request.
  Time since last request: 42.208489 seconds.
  path: Assets/Standard Assets/Libraries/EntitasLibraries.asmdef
  artifactKey: Guid(2244412acc95a6a49ad1491e431e1a6c) Importer(815301076,1909f56bfc062723c751e8b465ee728b)
Start importing Assets/Standard Assets/Libraries/EntitasLibraries.asmdef using Guid(2244412acc95a6a49ad1491e431e1a6c) Importer(815301076,1909f56bfc062723c751e8b465ee728b)  -> (artifact id: 'bab3fc92126d4936f0d81b0a978dd9de') in 0.023982 seconds
  Import took 0.036743 seconds .

========================================================================
Received Import Request.
  Time since last request: 3.407054 seconds.
  path: Assets/Standard Assets/Frost UI/MichSky.asmdef
  artifactKey: Guid(5b76b475e0688b24f9f052e7a872d647) Importer(815301076,1909f56bfc062723c751e8b465ee728b)
Start importing Assets/Standard Assets/Frost UI/MichSky.asmdef using Guid(5b76b475e0688b24f9f052e7a872d647) Importer(815301076,1909f56bfc062723c751e8b465ee728b)  -> (artifact id: '3b0beafee3fd46fee8bacc2d1f620924') in 0.011897 seconds
  Import took 0.019475 seconds .

========================================================================
Received Import Request.
  Time since last request: 7.042694 seconds.
  path: Assets/Standard Assets/Frost UI/Editor
  artifactKey: Guid(66850d8a90ddb7a4d964a3932add0639) Importer(815301076,1909f56bfc062723c751e8b465ee728b)
Start importing Assets/Standard Assets/Frost UI/Editor using Guid(66850d8a90ddb7a4d964a3932add0639) Importer(815301076,1909f56bfc062723c751e8b465ee728b)  -> (artifact id: 'eb2fb9f4255c8d2680436e8f5728b8f0') in 0.008363 seconds
  Import took 0.017834 seconds .

========================================================================
Received Import Request.
  Time since last request: 3.677275 seconds.
  path: Assets/Standard Assets/Frost UI/Fonts
  artifactKey: Guid(0ab12e9b9428bb0459f05315c607a0c6) Importer(815301076,1909f56bfc062723c751e8b465ee728b)
Start importing Assets/Standard Assets/Frost UI/Fonts using Guid(0ab12e9b9428bb0459f05315c607a0c6) Importer(815301076,1909f56bfc062723c751e8b465ee728b)  -> (artifact id: '8da7b29c02df146fd6290bf9000daf2b') in 0.012502 seconds
  Import took 0.020122 seconds .

========================================================================
Received Import Request.
  Time since last request: 2.860591 seconds.
  path: Assets/Standard Assets/Frost UI/Scripts
  artifactKey: Guid(2c498bd91a1b4524eb5c32c9e6bf0286) Importer(815301076,1909f56bfc062723c751e8b465ee728b)
Start importing Assets/Standard Assets/Frost UI/Scripts using Guid(2c498bd91a1b4524eb5c32c9e6bf0286) Importer(815301076,1909f56bfc062723c751e8b465ee728b)  -> (artifact id: 'ba43164e0f0c73a216a990786edd47f4') in 0.012723 seconds
  Import took 0.020619 seconds .

========================================================================
Received Import Request.
  Time since last request: 16.315527 seconds.
  path: Assets/Views/BuyShares.cs
  artifactKey: Guid(d5c690cc137b33c49a48db9ba817e05c) Importer(815301076,1909f56bfc062723c751e8b465ee728b)
Start importing Assets/Views/BuyShares.cs using Guid(d5c690cc137b33c49a48db9ba817e05c) Importer(815301076,1909f56bfc062723c751e8b465ee728b)  -> (artifact id: '2672508e6d2fe64f05bae9a69d79d1a1') in 0.014375 seconds
  Import took 0.023555 seconds .

========================================================================
Received Prepare
Registering precompiled user dll's ...
Registered in 0.024733 seconds.
Begin MonoManager ReloadAssembly
Refreshing native plugins compatible for Editor in 1.29 ms, found 0 plugins.
Preloading 0 native plugins for Editor in 0.00 ms.
Invoked RoslynAnalysisRunner static constructor.
RoslynAnalysisRunner will not be running.
RoslynAnalysisRunner has terminated.
Mono: successfully reloaded assembly
- Completed reload, in  1.971 seconds
Platform modules already initialized, skipping
Refreshing native plugins compatible for Editor in 1.01 ms, found 0 plugins.
Preloading 0 native plugins for Editor in 0.00 ms.
Unloading 2462 Unused Serialized files (Serialized files now loaded: 0)
System memory in use before: 95.3 MB.
System memory in use after: 95.5 MB.

Unloading 30 unused Assets to reduce memory usage. Loaded Objects now: 2944.
Total: 4.218800 ms (FindLiveObjects: 0.570500 ms CreateObjectMapping: 0.204100 ms MarkObjects: 3.112500 ms  DeleteObjects: 0.329300 ms)

========================================================================
Received Import Request.
  Time since last request: 16.909605 seconds.
  path: Assets/Views/BuyShares.cs
  artifactKey: Guid(d5c690cc137b33c49a48db9ba817e05c) Importer(815301076,1909f56bfc062723c751e8b465ee728b)
Start importing Assets/Views/BuyShares.cs using Guid(d5c690cc137b33c49a48db9ba817e05c) Importer(815301076,1909f56bfc062723c751e8b465ee728b)  -> (artifact id: 'daf508e498c470b185901cc9db517130') in 0.011140 seconds
  Import took 0.021833 seconds .

